<?xml version="1.0" encoding="UTF-8"?>
<!-- Generated by org.testng.reporters.JUnitReportReporter -->
<testsuite skipped="0" hostname="Gokul" name="tests.TestBase" tests="1" failures="0" timestamp="2020-07-10T20:38:33 BST" time="13.989" errors="0">
  <testcase name="ExecuteHomePage" time="13.989" classname="tests.TestBase"/>
  <system-out/>
</testsuite> <!-- tests.TestBase -->
